<?xml version="1.0" encoding="UTF-8"?>
<!-- Generated by org.testng.reporters.JUnitReportReporter -->
<testsuite skipped="0" hostname="CPX-ZWVXD2DXUIJ" name="com.accenture.ShareVideoTest" tests="1" failures="0" timestamp="20 ago 2018 23:24:25 GMT" time="89.723" errors="0">
  <testcase name="shareTest" time="89.723" classname="com.accenture.ShareVideoTest"/>
</testsuite> <!-- com.accenture.ShareVideoTest -->
