<?xml version="1.0" encoding="UTF-8"?>
<!-- Generated by org.testng.reporters.JUnitReportReporter -->
<testsuite skipped="0" hostname="CPX-ZWVXD2DXUIJ" name="DrumTest" tests="1" failures="0" timestamp="17 ago 2018 02:26:30 GMT" time="10.755" errors="0">
  <testcase name="f" time="10.755" classname="DrumTest"/>
</testsuite> <!-- DrumTest -->
